[2022-10-02T18:30:14.793Z] Log level: Info
[2022-10-02T18:30:14.794Z] [info] Validating found git in: git
[2022-10-02T18:30:14.805Z] [info] Using git 2.37.3 from git
[2022-10-02T18:30:14.820Z] > git rev-parse --show-toplevel [6ms]
[2022-10-02T18:30:14.829Z] > git rev-parse --git-dir --git-common-dir [2ms]
[2022-10-02T18:30:14.837Z] [info] Open repository: /home/user/.local/share/nvim/site/pack/packer/start/packer.nvim
[2022-10-02T18:30:14.853Z] > git status -z -uall [3ms]
[2022-10-02T18:30:14.867Z] > git symbolic-ref --short HEAD [6ms]
[2022-10-02T18:30:14.867Z] fatal: ref HEAD is not a symbolic ref
[2022-10-02T18:30:14.886Z] > git rev-parse HEAD [2ms]
[2022-10-02T18:30:14.911Z] > git for-each-ref --sort -committerdate --format %(refname) %(objectname) %(*objectname) [17ms]
[2022-10-02T18:30:14.911Z] > git remote --verbose [2ms]
[2022-10-02T18:30:14.925Z] > git config --get commit.template [2ms]
[2022-10-02T18:30:14.977Z] > git status -z -uall [31ms]
[2022-10-02T18:30:14.992Z] > git symbolic-ref --short HEAD [11ms]
[2022-10-02T18:30:14.992Z] fatal: ref HEAD is not a symbolic ref
[2022-10-02T18:30:15.006Z] > git rev-parse HEAD [10ms]
[2022-10-02T18:30:15.018Z] > git for-each-ref --sort -committerdate --format %(refname) %(objectname) %(*objectname) [8ms]
[2022-10-02T18:30:15.019Z] > git remote --verbose [5ms]
[2022-10-02T18:30:15.025Z] > git config --get commit.template [1ms]
[2022-10-02T18:30:15.212Z] > git show --textconv :lua/packer/async.lua [7ms]
[2022-10-02T18:30:15.213Z] > git ls-files --stage -- /home/user/.local/share/nvim/site/pack/packer/start/packer.nvim/lua/packer/async.lua [2ms]
[2022-10-02T18:30:15.218Z] > git cat-file -s f837824fcdf1627d0f503244bd1661d4e1bd40f3 [1ms]
[2022-10-02T18:30:15.484Z] > git check-ignore -v -z --stdin [1ms]
