[2022-10-01 23:39:39.329] [exthost] [info] Extension host with pid 15299 started
[2022-10-01 23:39:39.446] [exthost] [info] ExtensionService#_doActivateExtension vscode.debug-auto-launch, startup: true, activationEvent: '*'
[2022-10-01 23:39:39.449] [exthost] [info] ExtensionService#_doActivateExtension vscode.git-base, startup: true, activationEvent: '*', root cause: vscode.git
[2022-10-01 23:39:39.451] [exthost] [info] ExtensionService#_doActivateExtension vscode.ipynb, startup: true, activationEvent: '*'
[2022-10-01 23:39:39.465] [exthost] [info] ExtensionService#_doActivateExtension vscode.git, startup: true, activationEvent: '*'
[2022-10-01 23:39:39.487] [exthost] [info] ExtensionService#_doActivateExtension vscode.github, startup: true, activationEvent: '*'
[2022-10-01 23:39:39.514] [exthost] [info] Eager extensions activated
[2022-10-01 23:39:39.529] [exthost] [info] ExtensionService#_doActivateExtension vscode.emmet, startup: false, activationEvent: 'onStartupFinished'
[2022-10-01 23:39:39.535] [exthost] [info] ExtensionService#_doActivateExtension vscode.merge-conflict, startup: false, activationEvent: 'onStartupFinished'
[2022-10-01 23:43:53.054] [exthost] [info] Extension host terminating: received terminate message from renderer
[2022-10-01 23:43:53.061] [exthost] [info] Extension host with pid 15299 exiting with code 0
[2022-10-01 23:43:55.441] [exthost] [info] Extension host with pid 15572 started
[2022-10-01 23:43:55.441] [exthost] [info] Skipping acquiring lock for /home/user/.config/VSCodium/User/workspaceStorage/de3fb8c7e00e145129bab464cfd3f1a4.
[2022-10-01 23:43:55.521] [exthost] [info] ExtensionService#_doActivateExtension vscode.debug-auto-launch, startup: true, activationEvent: '*'
[2022-10-01 23:43:55.530] [exthost] [info] ExtensionService#_doActivateExtension vscode.git-base, startup: true, activationEvent: '*'
[2022-10-01 23:43:55.535] [exthost] [info] ExtensionService#_doActivateExtension vscode.ipynb, startup: true, activationEvent: '*'
[2022-10-01 23:43:55.635] [exthost] [info] ExtensionService#_doActivateExtension vscode.github, startup: true, activationEvent: '*'
[2022-10-01 23:43:55.646] [exthost] [info] Eager extensions activated
[2022-10-01 23:43:55.649] [exthost] [info] ExtensionService#_doActivateExtension vscode.emmet, startup: false, activationEvent: 'onStartupFinished'
[2022-10-01 23:43:55.655] [exthost] [info] ExtensionService#_doActivateExtension vscode.merge-conflict, startup: false, activationEvent: 'onStartupFinished'
[2022-10-01 23:43:57.331] [exthost] [info] ExtensionService#_doActivateExtension vscode.git, startup: false, activationEvent: 'api', root cause: vscode.github
[2022-10-01 23:44:46.268] [exthost] [info] ExtensionService#_doActivateExtension vscode.typescript-language-features, startup: false, activationEvent: 'onLanguage:javascript'
[2022-10-01 23:46:39.730] [exthost] [info] Extension host terminating: received terminate message from renderer
[2022-10-01 23:46:39.740] [exthost] [info] Extension host with pid 15572 exiting with code 0
